Arguments: 
  /Users/lijianguo/.nvm/versions/node/v10.23.0/bin/node /usr/local/bin/yarn ./main.js

PATH: 
  /Users/lijianguo/.nvm/versions/node/v10.23.0/bin:/Users/lijianguo/.nvm/versions/node/v12.20.0/bin:/Users/lijianguo/.nvm/versions/node/v10.23.0/bin:/anaconda3/bin:/usr/local/opt/openjdk/bin:/usr/local/bin:/usr/bin:/bin:/usr/sbin:/sbin:/Applications/VMware Fusion.app/Contents/Public:/usr/local/share/dotnet:/opt/X11/bin:~/.dotnet/tools:/Library/Apple/usr/bin:/Applications/Wireshark.app/Contents/MacOS:/Users/lijianguo/.nvm/versions/node/v10.23.0/bin:/anaconda3/bin:/usr/local/opt/openjdk/bin:/Users/lijianguo/Library/Android/sdk/emulator:/Users/lijianguo/Library/Android/sdk/tools:/Users/lijianguo/Library/Android/sdk/tools/bin:/Users/lijianguo/Library/Android/sdk/platform-tools:/usr/local/mysql/bin:/Users/lijianguo/Library/Android/sdk/emulator:/Users/lijianguo/Library/Android/sdk/tools:/Users/lijianguo/Library/Android/sdk/tools/bin:/Users/lijianguo/Library/Android/sdk/platform-tools:/usr/local/mysql/bin

Yarn version: 
  1.5.1

Node version: 
  10.23.0

Platform: 
  darwin x64

npm manifest: 
  {
    "name": "investing-node-test",
    "version": "1.0.0",
    "description": "",
    "main": "index.js",
    "scripts": {
      "test": "echo \"Error: no test specified\" && exit 1"
    },
    "author": "",
    "license": "ISC",
    "dependencies": {
      "investing-com-api": "^2.1.1"
    }
  }

yarn manifest: 
  No manifest

Lockfile: 
  # THIS IS AN AUTOGENERATED FILE. DO NOT EDIT THIS FILE DIRECTLY.
  # yarn lockfile v1
  
  
  axios@^0.20.0:
    version "0.20.0"
    resolved "https://registry.yarnpkg.com/axios/-/axios-0.20.0.tgz#057ba30f04884694993a8cd07fa394cff11c50bd"
    dependencies:
      follow-redirects "^1.10.0"
  
  follow-redirects@^1.10.0:
    version "1.13.1"
    resolved "https://registry.yarnpkg.com/follow-redirects/-/follow-redirects-1.13.1.tgz#5f69b813376cee4fd0474a3aba835df04ab763b7"
  
  investing-com-api@^2.1.1:
    version "2.1.1"
    resolved "https://registry.yarnpkg.com/investing-com-api/-/investing-com-api-2.1.1.tgz#d6080f853ac943dd7150a48936695136c2ffb5a5"
    dependencies:
      axios "^0.20.0"

Trace: 
  Error: Command "./main.js" not found.
      at new MessageError (/usr/local/lib/node_modules/yarn/lib/cli.js:186:110)
      at /usr/local/lib/node_modules/yarn/lib/cli.js:87307:17
      at Generator.next (<anonymous>)
      at step (/usr/local/lib/node_modules/yarn/lib/cli.js:98:30)
      at /usr/local/lib/node_modules/yarn/lib/cli.js:116:14
      at new Promise (<anonymous>)
      at new F (/usr/local/lib/node_modules/yarn/lib/cli.js:23451:28)
      at /usr/local/lib/node_modules/yarn/lib/cli.js:95:12
      at runCommand (/usr/local/lib/node_modules/yarn/lib/cli.js:87312:22)
      at Object.<anonymous> (/usr/local/lib/node_modules/yarn/lib/cli.js:87412:14)
